11-15-2017 @ 21:23:29 - Requesting token for order 300 with the following data: <?xml version="1.0" encoding="UTF-8" standalone="yes"?>
<checkout>
  <currency>BRL</currency>
  <reference><![CDATA[PETPS-300]]></reference>
  <sender>
    <email><![CDATA[felipe-ny1@hotmail.com]]></email>
    <name><![CDATA[felipe matheus]]></name>
  </sender>
  <shipping>
    <type>3</type>
    <address>
      <street><![CDATA[pedro de olvieira simoes]]></street>
      <postalCode>02926200</postalCode>
      <city><![CDATA[sao paulo]]></city>
      <state>SP</state>
      <country>BRA</country>
    </address>
    <cost>17.89</cost>
  </shipping>
  <items>
    <item>
      <id>1</id>
      <description><![CDATA[Granola de chocolate]]></description>
      <amount>15.00</amount>
      <quantity>2</quantity>
    </item>
    <item>
      <id>2</id>
      <description><![CDATA[Granola de frutas]]></description>
      <amount>13.00</amount>
      <quantity>3</quantity>
    </item>
  </items>
  <redirectURL><![CDATA[http://localhost:8080/wordpress/finalizar-compra/order-received/300?key=wc_order_5a0ccc6d53aa5]]></redirectURL>
  <notificationURL><![CDATA[http://localhost:8080/wordpress/wc-api/WC_PagSeguro_Gateway/]]></notificationURL>
  <maxUses>1</maxUses>
  <maxAge>120</maxAge>
</checkout>

11-15-2017 @ 21:23:31 - Invalid token and/or email settings!
11-15-2017 @ 21:28:10 - Requesting token for order 301 with the following data: <?xml version="1.0" encoding="UTF-8" standalone="yes"?>
<checkout>
  <currency>BRL</currency>
  <reference><![CDATA[PETPS-301]]></reference>
  <sender>
    <email><![CDATA[felipe-ny1@hotmail.com]]></email>
    <name><![CDATA[felipe matheus]]></name>
  </sender>
  <shipping>
    <type>3</type>
    <address>
      <street><![CDATA[pedro de olvieira simoes]]></street>
      <postalCode>02926200</postalCode>
      <city><![CDATA[sao paulo]]></city>
      <state>SP</state>
      <country>BRA</country>
    </address>
    <cost>18.08</cost>
  </shipping>
  <items>
    <item>
      <id>1</id>
      <description><![CDATA[Granola de chocolate]]></description>
      <amount>15.00</amount>
      <quantity>2</quantity>
    </item>
    <item>
      <id>2</id>
      <description><![CDATA[Granola de frutas]]></description>
      <amount>13.00</amount>
      <quantity>4</quantity>
    </item>
  </items>
  <redirectURL><![CDATA[http://localhost:8080/wordpress/finalizar-compra/order-received/301?key=wc_order_5a0ccd85dc9b3]]></redirectURL>
  <notificationURL><![CDATA[http://localhost:8080/wordpress/wc-api/WC_PagSeguro_Gateway/]]></notificationURL>
  <maxUses>1</maxUses>
  <maxAge>120</maxAge>
</checkout>

11-15-2017 @ 21:28:12 - PagSeguro Payment Token created with success! The Token is: EA2AE25E9797C27444FCDFB0F8AB2567
11-15-2017 @ 21:31:55 - Requesting token for order 302 with the following data: <?xml version="1.0" encoding="UTF-8" standalone="yes"?>
<checkout>
  <currency>BRL</currency>
  <reference><![CDATA[PETPS-302]]></reference>
  <sender>
    <email><![CDATA[felipe-ny1@hotmail.com]]></email>
    <name><![CDATA[felipe matheus]]></name>
  </sender>
  <shipping>
    <type>3</type>
    <address>
      <street><![CDATA[pedro de olvieira simoes]]></street>
      <postalCode>02926200</postalCode>
      <city><![CDATA[sao paulo]]></city>
      <state>SP</state>
      <country>BRA</country>
    </address>
    <cost>16.13</cost>
  </shipping>
  <items>
    <item>
      <id>1</id>
      <description><![CDATA[Granola de frutas]]></description>
      <amount>13.00</amount>
      <quantity>4</quantity>
    </item>
  </items>
  <redirectURL><![CDATA[http://localhost:8080/wordpress/finalizar-compra/order-received/302?key=wc_order_5a0cce681cfa2]]></redirectURL>
  <notificationURL><![CDATA[http://localhost:8080/wordpress/wc-api/WC_PagSeguro_Gateway/]]></notificationURL>
  <maxUses>1</maxUses>
  <maxAge>120</maxAge>
</checkout>

11-15-2017 @ 21:31:56 - PagSeguro Payment Token created with success! The Token is: 56028E2FE6E6B3C8847D9F94CE17E353
11-15-2017 @ 21:33:40 - Requesting token for order 302 with the following data: <?xml version="1.0" encoding="UTF-8" standalone="yes"?>
<checkout>
  <currency>BRL</currency>
  <reference><![CDATA[PETPS-302]]></reference>
  <sender>
    <email><![CDATA[felipe-ny1@hotmail.com]]></email>
    <name><![CDATA[felipe matheus]]></name>
  </sender>
  <shipping>
    <type>3</type>
    <address>
      <street><![CDATA[pedro de olvieira simoes]]></street>
      <postalCode>02926200</postalCode>
      <city><![CDATA[sao paulo]]></city>
      <state>SP</state>
      <country>BRA</country>
    </address>
    <cost>16.13</cost>
  </shipping>
  <items>
    <item>
      <id>1</id>
      <description><![CDATA[Granola de frutas]]></description>
      <amount>13.00</amount>
      <quantity>4</quantity>
    </item>
  </items>
  <redirectURL><![CDATA[http://localhost:8080/wordpress/finalizar-compra/order-received/302?key=wc_order_5a0cce681cfa2]]></redirectURL>
  <notificationURL><![CDATA[http://localhost:8080/wordpress/wc-api/WC_PagSeguro_Gateway/]]></notificationURL>
  <maxUses>1</maxUses>
  <maxAge>120</maxAge>
</checkout>

11-15-2017 @ 21:33:41 - PagSeguro Payment Token created with success! The Token is: F12EECA20D0D4ED664C7DF8C24D142B2
11-15-2017 @ 21:36:54 - Requesting token for order 303 with the following data: <?xml version="1.0" encoding="UTF-8" standalone="yes"?>
<checkout>
  <currency>BRL</currency>
  <reference><![CDATA[PETPS-303]]></reference>
  <sender>
    <email><![CDATA[jose@hotmail.com]]></email>
    <name><![CDATA[Jose silva]]></name>
  </sender>
  <shipping>
    <type>3</type>
    <address>
      <street><![CDATA[Pedro de oliveira simoes]]></street>
      <postalCode>02926100</postalCode>
      <city><![CDATA[São Paulo]]></city>
      <state>SP</state>
      <country>BRA</country>
    </address>
    <cost>16.10</cost>
  </shipping>
  <items>
    <item>
      <id>1</id>
      <description><![CDATA[Granola de frutas]]></description>
      <amount>13.00</amount>
      <quantity>1</quantity>
    </item>
  </items>
  <redirectURL><![CDATA[http://localhost:8080/wordpress/finalizar-compra/order-received/303?key=wc_order_5a0ccf9281742]]></redirectURL>
  <notificationURL><![CDATA[http://localhost:8080/wordpress/wc-api/WC_PagSeguro_Gateway/]]></notificationURL>
  <maxUses>1</maxUses>
  <maxAge>120</maxAge>
</checkout>

11-15-2017 @ 21:36:56 - PagSeguro Payment Token created with success! The Token is: EB53BD2F0606F7FEE45F5F9079089608
11-15-2017 @ 21:48:36 - Requesting token for order 304 with the following data: <?xml version="1.0" encoding="UTF-8" standalone="yes"?>
<checkout>
  <currency>BRL</currency>
  <reference><![CDATA[PETPS-304]]></reference>
  <sender>
    <email><![CDATA[felipe-ny1@hotmail.com]]></email>
    <name><![CDATA[felipe matheus]]></name>
    <phone>
      <areaCode>11</areaCode>
      <number>959851665</number>
    </phone>
  </sender>
  <shipping>
    <type>3</type>
    <address>
      <street><![CDATA[pedro de olvieira simoes]]></street>
      <postalCode>02926200</postalCode>
      <city><![CDATA[sao paulo]]></city>
      <state>SP</state>
      <country>BRA</country>
    </address>
    <cost>16.10</cost>
  </shipping>
  <items>
    <item>
      <id>1</id>
      <description><![CDATA[Granola de frutas]]></description>
      <amount>13.00</amount>
      <quantity>2</quantity>
    </item>
  </items>
  <redirectURL><![CDATA[http://localhost:8080/wordpress/finalizar-compra/order-received/304?key=wc_order_5a0cd24fe51f2]]></redirectURL>
  <notificationURL><![CDATA[http://localhost:8080/wordpress/wc-api/WC_PagSeguro_Gateway/]]></notificationURL>
  <maxUses>1</maxUses>
  <maxAge>120</maxAge>
</checkout>

11-15-2017 @ 21:48:36 - PagSeguro Payment Token created with success! The Token is: 9B69CE8280805A4BB4F06F91D0C2E22C
11-15-2017 @ 21:56:59 - Requesting token for order 305 with the following data: <?xml version="1.0" encoding="UTF-8" standalone="yes"?>
<checkout>
  <currency>BRL</currency>
  <reference><![CDATA[PETPS-305]]></reference>
  <sender>
    <email><![CDATA[monalyzaaaa@hotmail.com]]></email>
    <name><![CDATA[Felipe Silva]]></name>
    <phone>
      <areaCode>11</areaCode>
      <number>959851665</number>
    </phone>
  </sender>
  <shipping>
    <type>3</type>
    <address>
      <street><![CDATA[Pedro de oliveira simoes]]></street>
      <postalCode>02926100</postalCode>
      <city><![CDATA[São Paulo]]></city>
      <state>SP</state>
      <country>BRA</country>
    </address>
    <cost>16.10</cost>
  </shipping>
  <items>
    <item>
      <id>1</id>
      <description><![CDATA[Granola de chocolate]]></description>
      <amount>15.00</amount>
      <quantity>2</quantity>
    </item>
  </items>
  <redirectURL><![CDATA[http://localhost:8080/wordpress/finalizar-compra/order-received/305?key=wc_order_5a0cd4478dfb7]]></redirectURL>
  <notificationURL><![CDATA[http://localhost:8080/wordpress/wc-api/WC_PagSeguro_Gateway/]]></notificationURL>
  <maxUses>1</maxUses>
  <maxAge>120</maxAge>
</checkout>

11-15-2017 @ 21:56:59 - PagSeguro Payment Token created with success! The Token is: 47FC9602A3A3175774752F895EAD6F15
11-16-2017 @ 01:33:19 - Requesting token for order 306 with the following data: <?xml version="1.0" encoding="UTF-8" standalone="yes"?>
<checkout>
  <currency>BRL</currency>
  <reference><![CDATA[PETPS-306]]></reference>
  <sender>
    <email><![CDATA[felipe-ny1@hotmail.com]]></email>
    <name><![CDATA[felipe matheus]]></name>
    <phone>
      <areaCode>11</areaCode>
      <number>959851665</number>
    </phone>
  </sender>
  <shipping>
    <type>3</type>
    <address>
      <street><![CDATA[pedro de olvieira simoes]]></street>
      <postalCode>02926200</postalCode>
      <city><![CDATA[sao paulo]]></city>
      <state>SP</state>
      <country>BRA</country>
    </address>
    <cost>16.10</cost>
  </shipping>
  <items>
    <item>
      <id>1</id>
      <description><![CDATA[Granola de frutas]]></description>
      <amount>13.00</amount>
      <quantity>3</quantity>
    </item>
  </items>
  <redirectURL><![CDATA[http://localhost:8080/wordpress/finalizar-compra/order-received/306?key=wc_order_5a0d06fc9d4dc]]></redirectURL>
  <notificationURL><![CDATA[http://localhost:8080/wordpress/wc-api/WC_PagSeguro_Gateway/]]></notificationURL>
  <maxUses>1</maxUses>
  <maxAge>120</maxAge>
</checkout>

11-16-2017 @ 01:33:20 - PagSeguro Payment Token created with success! The Token is: 5A6B7B403D3D673114838F9764D02C8F
11-16-2017 @ 18:55:12 - Requesting token for order 308 with the following data: <?xml version="1.0" encoding="UTF-8" standalone="yes"?>
<checkout>
  <currency>BRL</currency>
  <reference><![CDATA[PETPS-308]]></reference>
  <sender>
    <email><![CDATA[dantes@hotmail.com]]></email>
    <name><![CDATA[Felipe Silva]]></name>
    <phone>
      <areaCode>11</areaCode>
      <number>959851665</number>
    </phone>
  </sender>
  <shipping>
    <type>3</type>
    <address>
      <street><![CDATA[Rua Joaquim Marques dos Santos]]></street>
      <complement><![CDATA[Moinho Velho]]></complement>
      <postalCode>02960100</postalCode>
      <city><![CDATA[São Paulo]]></city>
      <state>SP</state>
      <country>BRA</country>
    </address>
    <cost>16.10</cost>
  </shipping>
  <items>
    <item>
      <id>1</id>
      <description><![CDATA[Granola de cebola e salsa]]></description>
      <amount>37.00</amount>
      <quantity>1</quantity>
    </item>
  </items>
  <redirectURL><![CDATA[http://localhost:8080/wordpress/finalizar-compra/order-received/308?key=wc_order_5a0dfb2a96a6b]]></redirectURL>
  <notificationURL><![CDATA[http://localhost:8080/wordpress/wc-api/WC_PagSeguro_Gateway/]]></notificationURL>
  <maxUses>1</maxUses>
  <maxAge>120</maxAge>
</checkout>

11-16-2017 @ 18:55:14 - PagSeguro Payment Token created with success! The Token is: 3D048CEE3B3BCCCAA4C83F8A94B3CD27
11-16-2017 @ 19:10:31 - Requesting token for order 310 with the following data: <?xml version="1.0" encoding="UTF-8" standalone="yes"?>
<checkout>
  <currency>BRL</currency>
  <reference><![CDATA[PETPS-310]]></reference>
  <sender>
    <email><![CDATA[dantes@hotmail.com]]></email>
    <name><![CDATA[Felipe Silva]]></name>
    <phone>
      <areaCode>11</areaCode>
      <number>959851665</number>
    </phone>
  </sender>
  <shipping>
    <type>3</type>
    <address>
      <street><![CDATA[Rua Pedro de Oliveira Simões]]></street>
      <complement><![CDATA[Nossa Senhora do Ó]]></complement>
      <postalCode>02980140</postalCode>
      <city><![CDATA[São Paulo]]></city>
      <state>SP</state>
      <country>BRA</country>
    </address>
    <cost>16.10</cost>
  </shipping>
  <items>
    <item>
      <id>1</id>
      <description><![CDATA[Granola de chocolate]]></description>
      <amount>15.00</amount>
      <quantity>1</quantity>
    </item>
  </items>
  <redirectURL><![CDATA[http://localhost:8080/wordpress/finalizar-compra/order-received/310?key=wc_order_5a0dfec0a6539]]></redirectURL>
  <notificationURL><![CDATA[http://localhost:8080/wordpress/wc-api/WC_PagSeguro_Gateway/]]></notificationURL>
  <maxUses>1</maxUses>
  <maxAge>120</maxAge>
</checkout>

11-16-2017 @ 19:10:36 - PagSeguro Payment Token created with success! The Token is: 4DA6DA511616A3F884A57FBB717C21D2
11-16-2017 @ 19:14:54 - Requesting token for order 311 with the following data: <?xml version="1.0" encoding="UTF-8" standalone="yes"?>
<checkout>
  <currency>BRL</currency>
  <reference><![CDATA[PETPS-311]]></reference>
  <sender>
    <email><![CDATA[dantes@hotmail.com]]></email>
    <name><![CDATA[Felipe Silva]]></name>
    <phone>
      <areaCode>11</areaCode>
      <number>959851665</number>
    </phone>
  </sender>
  <shipping>
    <type>3</type>
    <address>
      <street><![CDATA[Rua Pedro de Oliveira Simões]]></street>
      <complement><![CDATA[Nossa Senhora do Ó]]></complement>
      <postalCode>02980140</postalCode>
      <city><![CDATA[São Paulo]]></city>
      <state>SP</state>
      <country>BRA</country>
    </address>
    <cost>24.52</cost>
  </shipping>
  <items>
    <item>
      <id>1</id>
      <description><![CDATA[Granola de chocolate]]></description>
      <amount>14.63</amount>
      <quantity>19</quantity>
    </item>
  </items>
  <redirectURL><![CDATA[http://localhost:8080/wordpress/finalizar-compra/order-received/311?key=wc_order_5a0dffc8a51c1]]></redirectURL>
  <notificationURL><![CDATA[http://localhost:8080/wordpress/wc-api/WC_PagSeguro_Gateway/]]></notificationURL>
  <maxUses>1</maxUses>
  <maxAge>120</maxAge>
</checkout>

11-16-2017 @ 19:14:56 - PagSeguro Payment Token created with success! The Token is: 4575461BC2C262B994F82F9FBBAE35B1
11-17-2017 @ 12:51:33 - Requesting token for order 322 with the following data: <?xml version="1.0" encoding="UTF-8" standalone="yes"?>
<checkout>
  <currency>BRL</currency>
  <reference><![CDATA[PETPS-322]]></reference>
  <sender>
    <email><![CDATA[felipe-ny1@hotmail.com]]></email>
    <name><![CDATA[felipe matheus]]></name>
    <phone>
      <areaCode>11</areaCode>
      <number>959851665</number>
    </phone>
  </sender>
  <shipping>
    <type>3</type>
    <address>
      <street><![CDATA[Pedro de oliveira simoes]]></street>
      <postalCode>02926140</postalCode>
      <city><![CDATA[São Paulo]]></city>
      <state>SP</state>
      <country>BRA</country>
    </address>
    <cost>16.10</cost>
  </shipping>
  <items>
    <item>
      <id>1</id>
      <description><![CDATA[Musli]]></description>
      <amount>17.00</amount>
      <quantity>1</quantity>
    </item>
    <item>
      <id>2</id>
      <description><![CDATA[Granola de chocolate]]></description>
      <amount>15.00</amount>
      <quantity>1</quantity>
    </item>
    <item>
      <id>3</id>
      <description><![CDATA[Granola de frutas]]></description>
      <amount>13.00</amount>
      <quantity>1</quantity>
    </item>
  </items>
  <redirectURL><![CDATA[http://localhost:8080/wordpress/finalizar-compra/order-received/322?key=wc_order_5a0ef77271eb6]]></redirectURL>
  <notificationURL><![CDATA[http://localhost:8080/wordpress/wc-api/WC_PagSeguro_Gateway/]]></notificationURL>
  <maxUses>1</maxUses>
  <maxAge>120</maxAge>
</checkout>

11-17-2017 @ 12:51:34 - PagSeguro Payment Token created with success! The Token is: A5F0DB3A1616992CC453AF8FDBC257FA
11-17-2017 @ 12:54:52 - Requesting token for order 323 with the following data: <?xml version="1.0" encoding="UTF-8" standalone="yes"?>
<checkout>
  <currency>BRL</currency>
  <reference><![CDATA[PETPS-323]]></reference>
  <sender>
    <email><![CDATA[felipe@gmail.com]]></email>
    <name><![CDATA[Felipe Silva]]></name>
    <phone>
      <areaCode>11</areaCode>
      <number>959851665</number>
    </phone>
  </sender>
  <shipping>
    <type>3</type>
    <address>
      <street><![CDATA[Rua Pedro de Oliveira Simões]]></street>
      <complement><![CDATA[Nossa Senhora do Ó]]></complement>
      <postalCode>02926100</postalCode>
      <city><![CDATA[São Paulo]]></city>
      <state>SP</state>
      <country>BRA</country>
    </address>
    <cost>23.04</cost>
  </shipping>
  <items>
    <item>
      <id>1</id>
      <description><![CDATA[Granola de cebola e salsa]]></description>
      <amount>36.22</amount>
      <quantity>9</quantity>
    </item>
  </items>
  <redirectURL><![CDATA[http://localhost:8080/wordpress/finalizar-compra/order-received/323?key=wc_order_5a0ef839a8479]]></redirectURL>
  <notificationURL><![CDATA[http://localhost:8080/wordpress/wc-api/WC_PagSeguro_Gateway/]]></notificationURL>
  <maxUses>1</maxUses>
  <maxAge>120</maxAge>
</checkout>

11-17-2017 @ 12:54:53 - PagSeguro Payment Token created with success! The Token is: AFC8C346484860D224A33FBD7C4FA158
11-18-2017 @ 01:14:40 - Requesting token for order 363 with the following data: <?xml version="1.0" encoding="UTF-8" standalone="yes"?>
<checkout>
  <currency>BRL</currency>
  <reference><![CDATA[PETPS-363]]></reference>
  <sender>
    <email><![CDATA[felipe-ny1@hotmail.com]]></email>
    <name><![CDATA[felipe matheus]]></name>
    <phone>
      <areaCode>11</areaCode>
      <number>959851665</number>
    </phone>
  </sender>
  <shipping>
    <type>3</type>
    <address>
      <street><![CDATA[Pedro de oliveira simoes]]></street>
      <postalCode>02926140</postalCode>
      <city><![CDATA[São Paulo]]></city>
      <state>SP</state>
      <country>BRA</country>
    </address>
    <cost>16.10</cost>
  </shipping>
  <items>
    <item>
      <id>1</id>
      <description><![CDATA[Granola de frutas]]></description>
      <amount>13.00</amount>
      <quantity>1</quantity>
    </item>
    <item>
      <id>2</id>
      <description><![CDATA[Granola de chocolate]]></description>
      <amount>15.00</amount>
      <quantity>1</quantity>
    </item>
  </items>
  <redirectURL><![CDATA[http://localhost:8080/wordpress/finalizar-compra/order-received/363?key=wc_order_5a0fa59d012ea]]></redirectURL>
  <notificationURL><![CDATA[http://localhost:8080/wordpress/wc-api/WC_PagSeguro_Gateway/]]></notificationURL>
  <maxUses>1</maxUses>
  <maxAge>120</maxAge>
</checkout>

11-18-2017 @ 01:14:41 - PagSeguro Payment Token created with success! The Token is: 0235AEBC5B5B33DCC4BD9F8F88BAECDA
11-21-2017 @ 20:11:41 - Requesting token for order 366 with the following data: <?xml version="1.0" encoding="UTF-8" standalone="yes"?>
<checkout>
  <currency>BRL</currency>
  <reference><![CDATA[PETPS-366]]></reference>
  <sender>
    <email><![CDATA[felipe-ny1@hotmail.com]]></email>
    <name><![CDATA[felipe matheus]]></name>
    <phone>
      <areaCode>11</areaCode>
      <number>959851665</number>
    </phone>
  </sender>
  <shipping>
    <type>3</type>
    <address>
      <street><![CDATA[Pedro de oliveira simoes]]></street>
      <postalCode>02926140</postalCode>
      <city><![CDATA[São Paulo]]></city>
      <state>SP</state>
      <country>BRA</country>
    </address>
    <cost>16.10</cost>
  </shipping>
  <items>
    <item>
      <id>1</id>
      <description><![CDATA[Granola de frutas]]></description>
      <amount>13.00</amount>
      <quantity>2</quantity>
    </item>
    <item>
      <id>2</id>
      <description><![CDATA[Granola de chocolate]]></description>
      <amount>15.00</amount>
      <quantity>1</quantity>
    </item>
  </items>
  <redirectURL><![CDATA[http://localhost:8080/wordpress/finalizar-compra/order-received/366?key=wc_order_5a14a496a28dc]]></redirectURL>
  <notificationURL><![CDATA[http://localhost:8080/wordpress/wc-api/WC_PagSeguro_Gateway/]]></notificationURL>
  <maxUses>1</maxUses>
  <maxAge>120</maxAge>
</checkout>

11-21-2017 @ 20:11:43 - PagSeguro Payment Token created with success! The Token is: 0C5EF2F55252B6FEE4237F80381774A7
11-21-2017 @ 20:16:16 - Requesting token for order 366 with the following data: <?xml version="1.0" encoding="UTF-8" standalone="yes"?>
<checkout>
  <currency>BRL</currency>
  <reference><![CDATA[PETPS-366]]></reference>
  <sender>
    <email><![CDATA[felipe-ny1@hotmail.com]]></email>
    <name><![CDATA[felipe matheus]]></name>
    <phone>
      <areaCode>11</areaCode>
      <number>959851665</number>
    </phone>
  </sender>
  <shipping>
    <type>3</type>
    <address>
      <street><![CDATA[Pedro de oliveira simoes]]></street>
      <postalCode>02926140</postalCode>
      <city><![CDATA[São Paulo]]></city>
      <state>SP</state>
      <country>BRA</country>
    </address>
    <cost>16.10</cost>
  </shipping>
  <items>
    <item>
      <id>1</id>
      <description><![CDATA[Granola de frutas]]></description>
      <amount>13.00</amount>
      <quantity>2</quantity>
    </item>
    <item>
      <id>2</id>
      <description><![CDATA[Granola de chocolate]]></description>
      <amount>15.00</amount>
      <quantity>1</quantity>
    </item>
  </items>
  <redirectURL><![CDATA[http://localhost:8080/wordpress/finalizar-compra/order-received/366?key=wc_order_5a14a496a28dc]]></redirectURL>
  <notificationURL><![CDATA[http://localhost:8080/wordpress/wc-api/WC_PagSeguro_Gateway/]]></notificationURL>
  <maxUses>1</maxUses>
  <maxAge>120</maxAge>
</checkout>

11-21-2017 @ 20:16:16 - WP_Error in generate payment token: cURL error 6: Could not resolve host: ws.pagseguro.uol.com.br
11-21-2017 @ 20:16:16 - Error generating the PagSeguro payment token: WP_Error Object
(
    [errors] => Array
        (
            [http_request_failed] => Array
                (
                    [0] => cURL error 6: Could not resolve host: ws.pagseguro.uol.com.br
                )

        )

    [error_data] => Array
        (
        )

)

11-21-2017 @ 20:24:27 - Requesting token for order 366 with the following data: <?xml version="1.0" encoding="UTF-8" standalone="yes"?>
<checkout>
  <currency>BRL</currency>
  <reference><![CDATA[PETPS-366]]></reference>
  <sender>
    <email><![CDATA[felipe-ny1@hotmail.com]]></email>
    <name><![CDATA[felipe matheus]]></name>
    <phone>
      <areaCode>11</areaCode>
      <number>959851665</number>
    </phone>
  </sender>
  <shipping>
    <type>3</type>
    <address>
      <street><![CDATA[Pedro de oliveira simoes]]></street>
      <postalCode>02926140</postalCode>
      <city><![CDATA[São Paulo]]></city>
      <state>SP</state>
      <country>BRA</country>
    </address>
    <cost>16.10</cost>
  </shipping>
  <items>
    <item>
      <id>1</id>
      <description><![CDATA[Granola de frutas]]></description>
      <amount>13.00</amount>
      <quantity>2</quantity>
    </item>
    <item>
      <id>2</id>
      <description><![CDATA[Granola de chocolate]]></description>
      <amount>15.00</amount>
      <quantity>1</quantity>
    </item>
  </items>
  <redirectURL><![CDATA[http://localhost:8080/wordpress/finalizar-compra/order-received/366?key=wc_order_5a14a496a28dc]]></redirectURL>
  <notificationURL><![CDATA[http://localhost:8080/wordpress/wc-api/WC_PagSeguro_Gateway/]]></notificationURL>
  <maxUses>1</maxUses>
  <maxAge>120</maxAge>
</checkout>

11-21-2017 @ 20:24:32 - PagSeguro Payment Token created with success! The Token is: C3FFAD1A1111B075541B6FB9BC7F7E3A
11-21-2017 @ 20:39:04 - Requesting token for order 367 with the following data: <?xml version="1.0" encoding="UTF-8" standalone="yes"?>
<checkout>
  <currency>BRL</currency>
  <reference><![CDATA[PETPS-367]]></reference>
  <sender>
    <email><![CDATA[felipe-ny1@hotmail.com]]></email>
    <name><![CDATA[felipe matheus]]></name>
    <phone>
      <areaCode>11</areaCode>
      <number>959851665</number>
    </phone>
  </sender>
  <shipping>
    <type>3</type>
    <address>
      <street><![CDATA[Pedro de oliveira simoes]]></street>
      <postalCode>02926140</postalCode>
      <city><![CDATA[São Paulo]]></city>
      <state>SP</state>
      <country>BRA</country>
    </address>
    <cost>17.86</cost>
  </shipping>
  <items>
    <item>
      <id>1</id>
      <description><![CDATA[Granola de frutas]]></description>
      <amount>13.00</amount>
      <quantity>4</quantity>
    </item>
    <item>
      <id>2</id>
      <description><![CDATA[Granola de chocolate]]></description>
      <amount>15.00</amount>
      <quantity>1</quantity>
    </item>
  </items>
  <redirectURL><![CDATA[http://localhost:8080/wordpress/finalizar-compra/order-received/367?key=wc_order_5a14ab0212dd1]]></redirectURL>
  <notificationURL><![CDATA[http://localhost:8080/wordpress/wc-api/WC_PagSeguro_Gateway/]]></notificationURL>
  <maxUses>1</maxUses>
  <maxAge>120</maxAge>
</checkout>

11-21-2017 @ 20:39:04 - PagSeguro Payment Token created with success! The Token is: 183B3749ADAD2D9444A4BF83DA74D50F
11-21-2017 @ 20:42:02 - Requesting token for order 366 with the following data: <?xml version="1.0" encoding="UTF-8" standalone="yes"?>
<checkout>
  <currency>BRL</currency>
  <reference><![CDATA[PETPS-366]]></reference>
  <sender>
    <email><![CDATA[felipe-ny1@hotmail.com]]></email>
    <name><![CDATA[felipe matheus]]></name>
    <phone>
      <areaCode>11</areaCode>
      <number>959851665</number>
    </phone>
  </sender>
  <shipping>
    <type>3</type>
    <address>
      <street><![CDATA[Pedro de oliveira simoes]]></street>
      <postalCode>02926140</postalCode>
      <city><![CDATA[São Paulo]]></city>
      <state>SP</state>
      <country>BRA</country>
    </address>
    <cost>16.10</cost>
  </shipping>
  <items>
    <item>
      <id>1</id>
      <description><![CDATA[Granola de frutas]]></description>
      <amount>13.00</amount>
      <quantity>2</quantity>
    </item>
    <item>
      <id>2</id>
      <description><![CDATA[Granola de chocolate]]></description>
      <amount>15.00</amount>
      <quantity>1</quantity>
    </item>
  </items>
  <redirectURL><![CDATA[http://localhost:8080/wordpress/finalizar-compra/order-received/366?key=wc_order_5a14a496a28dc]]></redirectURL>
  <notificationURL><![CDATA[http://localhost:8080/wordpress/wc-api/WC_PagSeguro_Gateway/]]></notificationURL>
  <maxUses>1</maxUses>
  <maxAge>120</maxAge>
</checkout>

11-21-2017 @ 20:42:03 - PagSeguro Payment Token created with success! The Token is: D4677A40BCBC200FF4839F8E96010A93
11-21-2017 @ 21:15:59 - Requesting token for order 375 with the following data: <?xml version="1.0" encoding="UTF-8" standalone="yes"?>
<checkout>
  <currency>BRL</currency>
  <reference><![CDATA[PETPS-375]]></reference>
  <sender>
    <email><![CDATA[matheus_felipe@hotmail.com]]></email>
    <name><![CDATA[felipe matheus]]></name>
    <phone>
      <areaCode>11</areaCode>
      <number>959851665</number>
    </phone>
  </sender>
  <shipping>
    <type>3</type>
    <address>
      <street><![CDATA[Rua Pedro de Oliveira Simões]]></street>
      <complement><![CDATA[Nossa Senhora do Ó]]></complement>
      <postalCode>02926100</postalCode>
      <city><![CDATA[São Paulo]]></city>
      <state>SP</state>
      <country>BRA</country>
    </address>
    <cost>16.10</cost>
  </shipping>
  <items>
    <item>
      <id>1</id>
      <description><![CDATA[Musli]]></description>
      <amount>17.00</amount>
      <quantity>1</quantity>
    </item>
  </items>
  <redirectURL><![CDATA[http://localhost:8080/wordpress/finalizar-compra/order-received/375?key=wc_order_5a14b3a9aa93d]]></redirectURL>
  <notificationURL><![CDATA[http://localhost:8080/wordpress/wc-api/WC_PagSeguro_Gateway/]]></notificationURL>
  <maxUses>1</maxUses>
  <maxAge>120</maxAge>
</checkout>

11-21-2017 @ 21:16:00 - PagSeguro Payment Token created with success! The Token is: E7210369B8B863ACC4D74F88D3C4CAA2
11-24-2017 @ 20:13:31 - Requesting token for order 378 with the following data: <?xml version="1.0" encoding="UTF-8" standalone="yes"?>
<checkout>
  <currency>BRL</currency>
  <reference><![CDATA[PETPS-378]]></reference>
  <sender>
    <email><![CDATA[felipe-ny1@hotmail.com]]></email>
    <name><![CDATA[felipe matheus]]></name>
    <phone>
      <areaCode>11</areaCode>
      <number>959851665</number>
    </phone>
  </sender>
  <shipping>
    <type>3</type>
    <address>
      <street><![CDATA[Pedro de oliveira simoes]]></street>
      <postalCode>02926140</postalCode>
      <city><![CDATA[São Paulo]]></city>
      <state>SP</state>
      <country>BRA</country>
    </address>
    <cost>17.86</cost>
  </shipping>
  <items>
    <item>
      <id>1</id>
      <description><![CDATA[Granola de frutas]]></description>
      <amount>13.00</amount>
      <quantity>4</quantity>
    </item>
    <item>
      <id>2</id>
      <description><![CDATA[Granola de chocolate]]></description>
      <amount>15.00</amount>
      <quantity>1</quantity>
    </item>
  </items>
  <redirectURL><![CDATA[http://localhost:8080/wordpress/finalizar-compra/order-received/378?key=wc_order_5a189987c2b5e]]></redirectURL>
  <notificationURL><![CDATA[http://localhost:8080/wordpress/wc-api/WC_PagSeguro_Gateway/]]></notificationURL>
  <maxUses>1</maxUses>
  <maxAge>120</maxAge>
</checkout>

11-24-2017 @ 20:13:32 - PagSeguro Payment Token created with success! The Token is: CD7EE4B4E9E997CCC4C7DF9CE56677E6
11-24-2017 @ 20:18:07 - Requesting token for order 379 with the following data: <?xml version="1.0" encoding="UTF-8" standalone="yes"?>
<checkout>
  <currency>BRL</currency>
  <reference><![CDATA[PETPS-379]]></reference>
  <sender>
    <email><![CDATA[jorge@hotmail.com]]></email>
    <name><![CDATA[FELIPE Silva]]></name>
    <phone>
      <areaCode>11</areaCode>
      <number>959851665</number>
    </phone>
  </sender>
  <shipping>
    <type>3</type>
    <address>
      <street><![CDATA[Rua Pedro de Oliveira Simões]]></street>
      <complement><![CDATA[Nossa Senhora do Ó]]></complement>
      <postalCode>02926100</postalCode>
      <city><![CDATA[São Paulo]]></city>
      <state>SP</state>
      <country>BRA</country>
    </address>
    <cost>16.10</cost>
  </shipping>
  <items>
    <item>
      <id>1</id>
      <description><![CDATA[Granola de frutas]]></description>
      <amount>13.00</amount>
      <quantity>1</quantity>
    </item>
  </items>
  <redirectURL><![CDATA[http://localhost:8080/wordpress/finalizar-compra/order-received/379?key=wc_order_5a189a9a9150d]]></redirectURL>
  <notificationURL><![CDATA[http://localhost:8080/wordpress/wc-api/WC_PagSeguro_Gateway/]]></notificationURL>
  <maxUses>1</maxUses>
  <maxAge>120</maxAge>
</checkout>

11-24-2017 @ 20:18:08 - PagSeguro Payment Token created with success! The Token is: 02FF54B0D2D264FBB4353F9B6D7E1024
11-28-2017 @ 01:07:43 - Requesting token for order 397 with the following data: <?xml version="1.0" encoding="UTF-8" standalone="yes"?>
<checkout>
  <currency>BRL</currency>
  <reference><![CDATA[PETPS-397]]></reference>
  <sender>
    <email><![CDATA[matheus_felipe@hotmail.com]]></email>
    <name><![CDATA[felipe matheus]]></name>
    <phone>
      <areaCode>11</areaCode>
      <number>959851665</number>
    </phone>
  </sender>
  <shipping>
    <type>3</type>
    <address>
      <street><![CDATA[Rua Pedro de Oliveira Simões]]></street>
      <complement><![CDATA[Nossa Senhora do Ó]]></complement>
      <postalCode>02926100</postalCode>
      <city><![CDATA[São Paulo]]></city>
      <state>SP</state>
      <country>BRA</country>
    </address>
    <cost>16.10</cost>
  </shipping>
  <items>
    <item>
      <id>1</id>
      <description><![CDATA[Musli]]></description>
      <amount>17.00</amount>
      <quantity>1</quantity>
    </item>
  </items>
  <redirectURL><![CDATA[http://localhost:8080/wordpress/finalizar-compra/order-received/397?key=wc_order_5a1cd2fddd37e]]></redirectURL>
  <notificationURL><![CDATA[http://localhost:8080/wordpress/wc-api/WC_PagSeguro_Gateway/]]></notificationURL>
  <maxUses>1</maxUses>
  <maxAge>120</maxAge>
</checkout>

11-28-2017 @ 01:07:44 - PagSeguro Payment Token created with success! The Token is: 3973A1612A2A6443344D4FB9F1C0A7F2
12-09-2017 @ 16:47:08 - Requesting token for order 448 with the following data: <?xml version="1.0" encoding="UTF-8" standalone="yes"?>
<checkout>
  <currency>BRL</currency>
  <reference><![CDATA[PETPS-448]]></reference>
  <sender>
    <email><![CDATA[felipematheussilva@hotmail.com]]></email>
    <name><![CDATA[Felipe Matheus]]></name>
    <phone>
      <areaCode>11</areaCode>
      <number>959851665</number>
    </phone>
  </sender>
  <shipping>
    <type>3</type>
    <address>
      <street><![CDATA[Rua Pedro de Oliveira Simões]]></street>
      <complement><![CDATA[Nossa Senhora do Ó]]></complement>
      <postalCode>02926100</postalCode>
      <city><![CDATA[São Paulo]]></city>
      <state>SP</state>
      <country>BRA</country>
    </address>
    <cost>18.90</cost>
  </shipping>
  <items>
    <item>
      <id>1</id>
      <description><![CDATA[Granola de uvas]]></description>
      <amount>46.50</amount>
      <quantity>1</quantity>
    </item>
  </items>
  <redirectURL><![CDATA[http://localhost:8080/wordpress/finalizar-compra/order-received/448?key=wc_order_5a2c2faa8e9a2]]></redirectURL>
  <notificationURL><![CDATA[http://localhost:8080/wordpress/wc-api/WC_PagSeguro_Gateway/]]></notificationURL>
  <maxUses>1</maxUses>
  <maxAge>120</maxAge>
</checkout>

12-09-2017 @ 16:47:10 - PagSeguro Payment Token created with success! The Token is: 43903238ECEC1C9AA4A3EF8FF09BF74D
12-09-2017 @ 16:47:32 - Requesting token for order 449 with the following data: <?xml version="1.0" encoding="UTF-8" standalone="yes"?>
<checkout>
  <currency>BRL</currency>
  <reference><![CDATA[PETPS-449]]></reference>
  <sender>
    <email><![CDATA[felipematheussilva@hotmail.com]]></email>
    <name><![CDATA[Felipe Matheus]]></name>
    <phone>
      <areaCode>11</areaCode>
      <number>959851665</number>
    </phone>
  </sender>
  <shipping>
    <type>3</type>
    <address>
      <street><![CDATA[Rua Pedro de Oliveira Simões]]></street>
      <complement><![CDATA[Nossa Senhora do Ó]]></complement>
      <postalCode>02926100</postalCode>
      <city><![CDATA[São Paulo]]></city>
      <state>SP</state>
      <country>BRA</country>
    </address>
    <cost>18.90</cost>
  </shipping>
  <items>
    <item>
      <id>1</id>
      <description><![CDATA[Granola de uvas]]></description>
      <amount>46.50</amount>
      <quantity>1</quantity>
    </item>
  </items>
  <redirectURL><![CDATA[http://localhost:8080/wordpress/finalizar-compra/order-received/449?key=wc_order_5a2c2fc2269eb]]></redirectURL>
  <notificationURL><![CDATA[http://localhost:8080/wordpress/wc-api/WC_PagSeguro_Gateway/]]></notificationURL>
  <maxUses>1</maxUses>
  <maxAge>120</maxAge>
</checkout>

12-09-2017 @ 16:47:32 - PagSeguro Payment Token created with success! The Token is: 9A739C567171E5D33440DFA7C64000F9
12-13-2017 @ 12:48:56 - Requesting token for order 481 with the following data: <?xml version="1.0" encoding="UTF-8" standalone="yes"?>
<checkout>
  <currency>BRL</currency>
  <reference><![CDATA[PETPS-481]]></reference>
  <sender>
    <email><![CDATA[meliodas@hotmail.com]]></email>
    <name><![CDATA[Felipe Matheus]]></name>
    <phone>
      <areaCode>11</areaCode>
      <number>959851665</number>
    </phone>
  </sender>
  <shipping>
    <type>3</type>
    <address>
      <street><![CDATA[Rua Pedro de Oliveira Simões]]></street>
      <complement><![CDATA[Nossa Senhora do Ó]]></complement>
      <postalCode>02926100</postalCode>
      <city><![CDATA[São Paulo]]></city>
      <state>SP</state>
      <country>BRA</country>
    </address>
    <cost>18.90</cost>
  </shipping>
  <items>
    <item>
      <id>1</id>
      <description><![CDATA[Granola de uvas]]></description>
      <amount>46.50</amount>
      <quantity>1</quantity>
    </item>
  </items>
  <redirectURL><![CDATA[http://localhost:8080/wordpress/finalizar-compra/order-received/481?key=wc_order_5a313dd5a20f1]]></redirectURL>
  <notificationURL><![CDATA[http://localhost:8080/wordpress/wc-api/WC_PagSeguro_Gateway/]]></notificationURL>
  <maxUses>1</maxUses>
  <maxAge>120</maxAge>
</checkout>

12-13-2017 @ 12:48:57 - PagSeguro Payment Token created with success! The Token is: 9881D0D1EFEFDA4DD4847FA92DE3EE80
12-14-2017 @ 18:35:45 - Requesting token for order 478 with the following data: <?xml version="1.0" encoding="UTF-8" standalone="yes"?>
<checkout>
  <currency>BRL</currency>
  <reference><![CDATA[PETPS-478]]></reference>
  <sender>
    <email><![CDATA[felipe-ny1@hotmail.com]]></email>
    <name><![CDATA[felipe matheus]]></name>
    <phone>
      <areaCode>11</areaCode>
      <number>959851665</number>
    </phone>
  </sender>
  <shipping>
    <type>3</type>
    <address>
      <street><![CDATA[Pedro de oliveira simoes]]></street>
      <postalCode>02926140</postalCode>
      <city><![CDATA[São Paulo]]></city>
      <state>SP</state>
      <country>BRA</country>
    </address>
    <cost>31.18</cost>
  </shipping>
  <items>
    <item>
      <id>1</id>
      <description><![CDATA[Granola de uvas]]></description>
      <amount>46.50</amount>
      <quantity>3</quantity>
    </item>
    <item>
      <id>2</id>
      <description><![CDATA[Musli]]></description>
      <amount>17.00</amount>
      <quantity>2</quantity>
    </item>
    <item>
      <id>3</id>
      <description><![CDATA[Granola de chocolate]]></description>
      <amount>15.00</amount>
      <quantity>1</quantity>
    </item>
    <item>
      <id>4</id>
      <description><![CDATA[Granola de frutas]]></description>
      <amount>13.00</amount>
      <quantity>1</quantity>
    </item>
  </items>
  <redirectURL><![CDATA[http://localhost:8080/wordpress/finalizar-compra/order-received/478?key=wc_order_5a32e09f78f97]]></redirectURL>
  <notificationURL><![CDATA[http://localhost:8080/wordpress/wc-api/WC_PagSeguro_Gateway/]]></notificationURL>
  <maxUses>1</maxUses>
  <maxAge>120</maxAge>
</checkout>

12-14-2017 @ 18:35:46 - PagSeguro Payment Token created with success! The Token is: 7A9D632B3838763884EA5F94777EA06E
